  Source.cpp
d:\repos\project_game1\project_game1\source.cpp(38): warning C4305: =: усечение из "double" в "float"
d:\repos\project_game1\project_game1\source.cpp(68): warning C4244: return: преобразование "int" в "float", возможна потеря данных
d:\repos\project_game1\project_game1\source.cpp(146): warning C4244: аргумент: преобразование "double" в "float", возможна потеря данных
d:\repos\project_game1\project_game1\source.cpp(148): warning C4244: +=: преобразование "double" в "float", возможна потеря данных
d:\repos\project_game1\project_game1\source.cpp(212): warning C4244: +=: преобразование "double" в "float", возможна потеря данных
d:\repos\project_game1\project_game1\source.cpp(215): warning C4244: аргумент: преобразование "double" в "float", возможна потеря данных
d:\repos\project_game1\project_game1\source.cpp(239): warning C4244: аргумент: преобразование "double" в "float", возможна потеря данных
d:\repos\project_game1\project_game1\source.cpp(274): warning C4244: аргумент: преобразование "time_t" в "unsigned int", возможна потеря данных
d:\repos\project_game1\project_game1\source.cpp(310): warning C4305: =: усечение из "double" в "float"
d:\repos\project_game1\project_game1\source.cpp(316): warning C4305: =: усечение из "double" в "float"
d:\repos\project_game1\project_game1\source.cpp(352): warning C4244: =: преобразование "float" в "int", возможна потеря данных
d:\repos\project_game1\project_game1\source.cpp(356): warning C4244: =: преобразование "float" в "int", возможна потеря данных
d:\repos\project_game1\project_game1\source.cpp(372): warning C4305: =: усечение из "double" в "float"
d:\repos\project_game1\project_game1\source.cpp(425): warning C4244: инициализация: преобразование "sf::Int64" в "float", возможна потеря данных
d:\repos\project_game1\project_game1\source.cpp(536): warning C4305: аргумент: усечение из "double" в "float"
d:\repos\project_game1\project_game1\source.cpp(537): warning C4305: аргумент: усечение из "double" в "float"
d:\repos\project_game1\project_game1\source.cpp(540): warning C4305: аргумент: усечение из "double" в "float"
d:\repos\project_game1\project_game1\source.cpp(542): warning C4305: аргумент: усечение из "double" в "float"
d:\repos\project_game1\project_game1\source.cpp(544): warning C4305: аргумент: усечение из "double" в "float"
d:\repos\project_game1\project_game1\source.cpp(584): warning C4244: =: преобразование "T" в "int", возможна потеря данных
          with
          [
              T=float
          ]
d:\repos\project_game1\project_game1\source.cpp(585): warning C4244: аргумент: преобразование "int" в "float", возможна потеря данных
d:\repos\project_game1\project_game1\source.cpp(586): warning C4244: аргумент: преобразование "int" в "float", возможна потеря данных
d:\repos\project_game1\project_game1\source.cpp(587): warning C4244: аргумент: преобразование "int" в "float", возможна потеря данных
d:\repos\project_game1\project_game1\source.cpp(588): warning C4244: аргумент: преобразование "int" в "float", возможна потеря данных
d:\repos\project_game1\project_game1\source.cpp(592): warning C4244: аргумент: преобразование "float" в "T", возможна потеря данных
          with
          [
              T=int
          ]
d:\repos\project_game1\project_game1\source.cpp(606): warning C4244: =: преобразование "sf::Int64" в "float", возможна потеря данных
d:\repos\project_game1\project_game1\source.cpp(611): warning C4244: аргумент: преобразование "const T" в "int", возможна потеря данных
          with
          [
              T=float
          ]
d:\repos\project_game1\project_game1\source.cpp(612): warning C4244: аргумент: преобразование "const T" в "int", возможна потеря данных
          with
          [
              T=float
          ]
d:\repos\project_game1\project_game1\source.cpp(626): warning C4244: аргумент: преобразование "int" в "T", возможна потеря данных
          with
          [
              T=float
          ]
d:\repos\project_game1\project_game1\source.cpp(635): warning C4244: аргумент: преобразование "int" в "T", возможна потеря данных
          with
          [
              T=float
          ]
d:\repos\project_game1\project_game1\source.cpp(644): warning C4244: аргумент: преобразование "int" в "T", возможна потеря данных
          with
          [
              T=float
          ]
d:\repos\project_game1\project_game1\source.cpp(654): warning C4244: аргумент: преобразование "int" в "T", возможна потеря данных
          with
          [
              T=float
          ]
d:\repos\project_game1\project_game1\source.cpp(664): warning C4244: аргумент: преобразование "T" в "T", возможна потеря данных
          with
          [
              T=int
          ]
          and
          [
              T=float
          ]
d:\repos\project_game1\project_game1\source.cpp(673): warning C4244: аргумент: преобразование "T" в "T", возможна потеря данных
          with
          [
              T=int
          ]
          and
          [
              T=float
          ]
d:\repos\project_game1\project_game1\source.cpp(680): warning C4244: аргумент: преобразование "T" в "T", возможна потеря данных
          with
          [
              T=int
          ]
          and
          [
              T=float
          ]
d:\repos\project_game1\project_game1\source.cpp(687): warning C4244: аргумент: преобразование "T" в "T", возможна потеря данных
          with
          [
              T=int
          ]
          and
          [
              T=float
          ]
d:\repos\project_game1\project_game1\source.cpp(694): warning C4244: аргумент: преобразование "T" в "T", возможна потеря данных
          with
          [
              T=int
          ]
          and
          [
              T=float
          ]
d:\repos\project_game1\project_game1\source.cpp(704): warning C4244: аргумент: преобразование "T" в "T", возможна потеря данных
          with
          [
              T=int
          ]
          and
          [
              T=float
          ]
d:\repos\project_game1\project_game1\source.cpp(708): warning C4244: аргумент: преобразование "T" в "T", возможна потеря данных
          with
          [
              T=int
          ]
          and
          [
              T=float
          ]
d:\repos\project_game1\project_game1\source.cpp(715): warning C4244: аргумент: преобразование "T" в "T", возможна потеря данных
          with
          [
              T=int
          ]
          and
          [
              T=float
          ]
d:\repos\project_game1\project_game1\source.cpp(718): warning C4244: аргумент: преобразование "T" в "T", возможна потеря данных
          with
          [
              T=int
          ]
          and
          [
              T=float
          ]
d:\repos\project_game1\project_game1\source.cpp(721): warning C4244: аргумент: преобразование "T" в "T", возможна потеря данных
          with
          [
              T=int
          ]
          and
          [
              T=float
          ]
d:\repos\project_game1\project_game1\source.cpp(724): warning C4244: аргумент: преобразование "T" в "T", возможна потеря данных
          with
          [
              T=int
          ]
          and
          [
              T=float
          ]
d:\repos\project_game1\project_game1\source.cpp(730): warning C4244: аргумент: преобразование "T" в "T", возможна потеря данных
          with
          [
              T=int
          ]
          and
          [
              T=float
          ]
d:\repos\project_game1\project_game1\source.cpp(743): warning C4244: аргумент: преобразование "T" в "T", возможна потеря данных
          with
          [
              T=int
          ]
          and
          [
              T=float
          ]
d:\repos\project_game1\project_game1\source.cpp(755): warning C4244: аргумент: преобразование "T" в "T", возможна потеря данных
          with
          [
              T=int
          ]
          and
          [
              T=float
          ]
d:\repos\project_game1\project_game1\source.cpp(760): warning C4244: аргумент: преобразование "T" в "T", возможна потеря данных
          with
          [
              T=int
          ]
          and
          [
              T=float
          ]
  Project_Game1.vcxproj -> D:\Repos\Project_Game1\Debug\Project_Game1.exe
